producer_class	xtools.gsea.GseaPreranked
producer_timestamp	1582108828269
param	rpt_label	my_analysis
param	rnd_seed	timestamp
param	set_min	15
param	zip_report	false
param	create_svgs	false
param	scoring_scheme	weighted
param	rnk	/home/julia/Documents/Cursos&PPT/Funcional/Dia4/PRAD.rnk
param	norm	meandiv
param	out	/home/julia/gsea_home/output/feb19
param	mode	Max_probe
param	include_only_symbols	true
param	help	false
param	set_max	500
param	gmx	ftp.broadinstitute.org://pub/gsea/gene_sets/c5.bp.v7.0.symbols.gmt
param	make_sets	true
param	plot_top_x	20
param	gui	false
param	nperm	1000
param	collapse	No_Collapse

file	/home/julia/gsea_home/output/feb19/my_analysis.GseaPreranked.1582108828269/index.html
